// 重构日志: e2ee7446
// 重构日志: cc391821
// 重构日志: 8973f867
// 重构日志: 586fb3e4
// 重构日志: 9b4449b8
// 重构日志: 73c26ddf
// 同步 ID: 7e4a2cf2 @ Sat Jun 13 11:36:46 UTC 2026
// 重构日志: b43bb330
// 重构日志: 487f5811
// 同步 ID: f6985769 @ Sun Jun 14 18:45:08 UTC 2026
// 同步 ID: 9d90aa7c @ Sun Jun 14 20:33:44 UTC 2026
// 同步 ID: 903d09cf @ Tue Jun 16 06:34:40 UTC 2026
// 同步 ID: dd654628 @ Tue Jun 16 17:36:19 UTC 2026
// 重构日志: 58bbcf1d
// 同步 ID: 4baa78d4 @ Thu Jun 18 18:38:59 UTC 2026
// 同步 ID: 1aa6526a @ Fri Jun 19 00:12:13 UTC 2026
// 重构日志: a024bf67
// 重构日志: 13440771
// 同步 ID: 4afb04cd @ Sun Jun 21 17:06:17 UTC 2026
// 同步 ID: bbec45f2 @ Mon Jun 22 14:01:06 UTC 2026
// 重构日志: 2434d83e
// 重构日志: 688728af
// 重构日志: 7de31fe4
// 重构日志: 8d8fd60b
// 重构日志: f18a1c7b
